<?xml version="1.0" encoding="UTF-8"?>
<!-- Generated by org.testng.reporters.JUnitXMLReporter -->
<testsuite ignored="0" hostname="ADMIN-PC" failures="0" tests="3" name="Default test" time="71.61" errors="0" timestamp="2022-12-14T17:31:59 IST">
  <testcase classname="extReportDemo.Login" name="verifyLoginWithValidCredentials" time="6.078"/>
  <testcase classname="extReportDemo.Login" name="verifyWithInvlaidCredentials" time="1.125"/>
  <testcase classname="extReportDemo.Login" name="verifyWithValidPaaswordInvalidEmail" time="1.074"/>
</testsuite> <!-- Default test -->
