<?xml version="1.0" encoding="UTF-8"?>
<!-- Generated by org.testng.reporters.JUnitXMLReporter -->
<testsuite ignored="0" hostname="ADMIN-PC" failures="1" tests="3" name="Test" time="36.994" errors="0" timestamp="2022-12-14T21:25:54 IST">
  <testcase classname="extReportDemo.Login" name="verifyLoginWithValidCredentials" time="1.153"/>
  <testcase classname="extReportDemo.Login" name="verifyWithInvalidCredentials" time="1.036">
    <failure type="java.lang.AssertionError" message="Expected warning message is not equal to actual one expected [true] but found [false]">
      <![CDATA[java.lang.AssertionError: Expected warning message is not equal to actual one expected [true] but found [false]
at extReportDemo.Login.verifyWithInvalidCredentials(Login.java:57)
at java.base/java.util.ArrayList.forEach(ArrayList.java:1541)
... Removed 30 stack frames]]>
    </failure>
  </testcase> <!-- verifyWithInvalidCredentials -->
  <testcase classname="extReportDemo.Login" name="verifyWithValidPaaswordInvalidEmail" time="0.0">
    <skipped/>
  </testcase> <!-- verifyWithValidPaaswordInvalidEmail -->
</testsuite> <!-- Test -->
